<?xml version="1.0" encoding="UTF-8"?>
<testng-results ignored="0" total="2" passed="2" failed="0" skipped="0">
  <reporter-output>
    <line>
      <![CDATA[Message beforeSuite]]>
    </line>
    <line>
      <![CDATA[Message beforeTest]]>
    </line>
    <line>
      <![CDATA[Message beforeClass]]>
    </line>
    <line>
      <![CDATA[Message beforeMethod]]>
    </line>
    <line>
      <![CDATA[Test Case 1]]>
    </line>
    <line>
      <![CDATA[Message afterMethod]]>
    </line>
    <line>
      <![CDATA[Message beforeMethod]]>
    </line>
    <line>
      <![CDATA[Test Case 2]]>
    </line>
    <line>
      <![CDATA[Message afterMethod]]>
    </line>
    <line>
      <![CDATA[Message afterClass]]>
    </line>
    <line>
      <![CDATA[Message afterTest]]>
    </line>
    <line>
      <![CDATA[Message afterSuite]]>
    </line>
  </reporter-output>
  <suite started-at="2021-08-24T07:55:33 IST" name="Default suite" finished-at="2021-08-24T07:55:33 IST" duration-ms="78">
    <groups>
    </groups>
    <test started-at="2021-08-24T07:55:33 IST" name="Default test" finished-at="2021-08-24T07:55:33 IST" duration-ms="78">
      <class name="selenium.testngDemo.TestNGtest">
        <test-method is-config="true" signature="beforeSuite()[pri:0, instance:selenium.testngDemo.TestNGtest@6b81ce95]" started-at="2021-08-24T07:55:33 IST" name="beforeSuite" finished-at="2021-08-24T07:55:33 IST" duration-ms="10" status="PASS">
          <reporter-output>
            <line>
              <![CDATA[Message beforeSuite]]>
            </line>
          </reporter-output>
        </test-method> <!-- beforeSuite -->
        <test-method is-config="true" signature="beforeTest()[pri:0, instance:selenium.testngDemo.TestNGtest@6b81ce95]" started-at="2021-08-24T07:55:33 IST" name="beforeTest" finished-at="2021-08-24T07:55:33 IST" duration-ms="1" status="PASS">
          <reporter-output>
            <line>
              <![CDATA[Message beforeTest]]>
            </line>
          </reporter-output>
        </test-method> <!-- beforeTest -->
        <test-method is-config="true" signature="beforeClass()[pri:0, instance:selenium.testngDemo.TestNGtest@6b81ce95]" started-at="2021-08-24T07:55:33 IST" name="beforeClass" finished-at="2021-08-24T07:55:33 IST" duration-ms="1" status="PASS">
          <reporter-output>
            <line>
              <![CDATA[Message beforeClass]]>
            </line>
          </reporter-output>
        </test-method> <!-- beforeClass -->
        <test-method is-config="true" signature="beforeMethod()[pri:0, instance:selenium.testngDemo.TestNGtest@6b81ce95]" started-at="2021-08-24T07:55:33 IST" name="beforeMethod" finished-at="2021-08-24T07:55:33 IST" duration-ms="0" status="PASS">
          <reporter-output>
            <line>
              <![CDATA[Message beforeMethod]]>
            </line>
          </reporter-output>
        </test-method> <!-- beforeMethod -->
        <test-method signature="TC1()[pri:0, instance:selenium.testngDemo.TestNGtest@6b81ce95]" started-at="2021-08-24T07:55:33 IST" name="TC1" finished-at="2021-08-24T07:55:33 IST" duration-ms="9" status="PASS">
          <reporter-output>
            <line>
              <![CDATA[Test Case 1]]>
            </line>
          </reporter-output>
        </test-method> <!-- TC1 -->
        <test-method is-config="true" signature="afterMethod()[pri:0, instance:selenium.testngDemo.TestNGtest@6b81ce95]" started-at="2021-08-24T07:55:33 IST" name="afterMethod" finished-at="2021-08-24T07:55:33 IST" duration-ms="1" status="PASS">
          <reporter-output>
            <line>
              <![CDATA[Message afterMethod]]>
            </line>
          </reporter-output>
        </test-method> <!-- afterMethod -->
        <test-method signature="TC2()[pri:0, instance:selenium.testngDemo.TestNGtest@6b81ce95]" started-at="2021-08-24T07:55:33 IST" name="TC2" finished-at="2021-08-24T07:55:33 IST" duration-ms="3" status="PASS">
          <reporter-output>
            <line>
              <![CDATA[Test Case 2]]>
            </line>
          </reporter-output>
        </test-method> <!-- TC2 -->
        <test-method is-config="true" signature="beforeMethod()[pri:0, instance:selenium.testngDemo.TestNGtest@6b81ce95]" started-at="2021-08-24T07:55:33 IST" name="beforeMethod" finished-at="2021-08-24T07:55:33 IST" duration-ms="0" status="PASS">
          <reporter-output>
            <line>
              <![CDATA[Message beforeMethod]]>
            </line>
          </reporter-output>
        </test-method> <!-- beforeMethod -->
        <test-method is-config="true" signature="afterMethod()[pri:0, instance:selenium.testngDemo.TestNGtest@6b81ce95]" started-at="2021-08-24T07:55:33 IST" name="afterMethod" finished-at="2021-08-24T07:55:33 IST" duration-ms="2" status="PASS">
          <reporter-output>
            <line>
              <![CDATA[Message afterMethod]]>
            </line>
          </reporter-output>
        </test-method> <!-- afterMethod -->
        <test-method is-config="true" signature="afterClass()[pri:0, instance:selenium.testngDemo.TestNGtest@6b81ce95]" started-at="2021-08-24T07:55:33 IST" name="afterClass" finished-at="2021-08-24T07:55:33 IST" duration-ms="1" status="PASS">
          <reporter-output>
            <line>
              <![CDATA[Message afterClass]]>
            </line>
          </reporter-output>
        </test-method> <!-- afterClass -->
        <test-method is-config="true" signature="afterTest()[pri:0, instance:selenium.testngDemo.TestNGtest@6b81ce95]" started-at="2021-08-24T07:55:33 IST" name="afterTest" finished-at="2021-08-24T07:55:33 IST" duration-ms="1" status="PASS">
          <reporter-output>
            <line>
              <![CDATA[Message afterTest]]>
            </line>
          </reporter-output>
        </test-method> <!-- afterTest -->
        <test-method is-config="true" signature="afterSuite()[pri:0, instance:selenium.testngDemo.TestNGtest@6b81ce95]" started-at="2021-08-24T07:55:33 IST" name="afterSuite" finished-at="2021-08-24T07:55:33 IST" duration-ms="0" status="PASS">
          <reporter-output>
            <line>
              <![CDATA[Message afterSuite]]>
            </line>
          </reporter-output>
        </test-method> <!-- afterSuite -->
      </class> <!-- selenium.testngDemo.TestNGtest -->
    </test> <!-- Default test -->
  </suite> <!-- Default suite -->
</testng-results>
