<?xml version="1.0" encoding="UTF-8"?>
<!-- Generated by org.testng.reporters.JUnitXMLReporter -->
<testsuite ignored="0" hostname="DESKTOP-AE2GJMR" failures="1" tests="1" name="Default test(failed)" time="0.112" errors="0" timestamp="2021-06-02T07:29:03 IST">
  <testcase classname="testscripts.BaseTest" name="test" time="0.022">
    <failure type="java.lang.AssertionError" message="null">
      <![CDATA[java.lang.AssertionError: null
at testscripts.BaseTest.test(BaseTest.java:14)
at java.base/java.util.ArrayList.forEach(ArrayList.java:1511)
... Removed 29 stack frames]]>
    </failure>
  </testcase> <!-- test -->
</testsuite> <!-- Default test(failed) -->
